<?xml version="1.0" encoding="UTF-8"?>
<!-- Generated by org.testng.reporters.JUnitReportReporter -->
<testsuite name="com.quantinsti.qa.testcases.LoginPageTest" tests="1" time="41.802" ignored="0" failures="0" timestamp="22 Sep 2020 18:56:54 GMT" skipped="0" hostname="Vinayak" errors="0">
  <testcase name="cartPageTest" time="41.802" classname="com.quantinsti.qa.testcases.LoginPageTest"/>
</testsuite> <!-- com.quantinsti.qa.testcases.LoginPageTest -->
